<?xml version="1.0" encoding="UTF-8"?>
<!-- Generated by org.testng.reporters.JUnitXMLReporter -->
<testsuite ignored="0" hostname="DESKTOP-32CF19A" failures="0" tests="7" name="Default test" time="523.542" errors="0" timestamp="2023-03-20T22:37:54 GST">
  <testcase classname="myTest" name="signUp" time="10.228"/>
  <testcase classname="myTest" name="RandomItemSearch" time="1.506"/>
  <testcase classname="myTest" name="HotSellersItems" time="139.258"/>
  <testcase classname="myTest" name="CheckoutTest" time="50.156"/>
  <testcase classname="myTest" name="PLACEORDER" time="33.773"/>
  <testcase classname="myTest" name="ReOrder" time="258.377"/>
  <testcase classname="myTest" name="CheckTheOrdersPrices" time="26.71"/>
</testsuite> <!-- Default test -->
